{"timestamp":"2024-11-06 16:59:14","level":"info","message":"Server listening on port: 3000"}
{"timestamp":"2024-11-06 16:59:15","level":"info","message":"Database connection successfully established on ecommerce_development"}
{"timestamp":"2024-11-06 16:59:23","level":"info","message":"Server listening on port: 3000"}
{"timestamp":"2024-11-06 16:59:24","level":"info","message":"Database connection successfully established on ecommerce_development"}
{"timestamp":"2024-12-10 10:32:25","level":"info","message":"Server listening on port: 3000"}
{"timestamp":"2024-12-10 10:32:26","level":"info","message":"Database connection successfully established on ecommerce_development"}
{"timestamp":"2024-12-10 10:45:29","level":"info","message":"Server listening on port: 3000"}
{"timestamp":"2024-12-10 10:45:29","level":"info","message":"Database connection successfully established on ecommerce_development"}
{"timestamp":"2024-12-10 10:46:21","level":"info","message":"Server listening on port: 3000"}
{"timestamp":"2024-12-10 10:46:21","level":"info","message":"Database connection successfully established on ecommerce_development"}
{"timestamp":"2024-12-10 10:51:27","level":"info","message":"Server listening on port: 3000"}
{"timestamp":"2024-12-10 10:51:27","level":"info","message":"Database connection successfully established on ecommerce_development"}
{"timestamp":"2024-12-10 17:08:17","level":"info","message":"Server listening on port: 3000"}
{"timestamp":"2024-12-10 17:08:18","level":"info","message":"Database connection successfully established on ecommerce_development"}
{"timestamp":"2024-12-10 17:08:31","level":"info","message":"Server listening on port: 3000"}
{"timestamp":"2024-12-10 17:08:32","level":"info","message":"Database connection successfully established on ecommerce_development"}
{"timestamp":"2024-12-12 09:34:09","level":"info","message":"Server listening on port: 3000"}
{"timestamp":"2024-12-12 09:34:10","level":"info","message":"Database connection successfully established on ecommerce_development"}
{"timestamp":"2024-12-12 09:35:27","level":"info","message":"Server listening on port: 3000"}
{"timestamp":"2024-12-12 09:35:28","level":"info","message":"Database connection successfully established on ecommerce_development"}
{"timestamp":"2024-12-12 10:16:57","level":"info","message":"Server listening on port: 3000"}
{"timestamp":"2024-12-12 10:16:58","level":"info","message":"Database connection successfully established on ecommerce_development"}
{"timestamp":"2024-12-12 10:17:33","level":"info","message":"Server listening on port: 3000"}
{"timestamp":"2024-12-12 10:17:33","level":"info","message":"Database connection successfully established on ecommerce_development"}
{"timestamp":"2024-12-12 10:18:29","level":"info","message":"Server listening on port: 3000"}
{"timestamp":"2024-12-12 10:18:30","level":"info","message":"Database connection successfully established on ecommerce_development"}
{"timestamp":"2024-12-12 10:21:53","level":"info","message":"Server listening on port: 3000"}
{"timestamp":"2024-12-12 10:21:54","level":"info","message":"Database connection successfully established on ecommerce_development"}
{"timestamp":"2024-12-12 10:22:58","level":"info","message":"Server listening on port: 3000"}
{"timestamp":"2024-12-12 10:22:59","level":"info","message":"Database connection successfully established on ecommerce_development"}
{"timestamp":"2024-12-12 10:23:52","level":"info","message":"Server listening on port: 3000"}
{"timestamp":"2024-12-12 10:23:53","level":"info","message":"Database connection successfully established on ecommerce_development"}
{"timestamp":"2024-12-12 10:25:28","level":"info","message":"Server listening on port: 3000"}
{"timestamp":"2024-12-12 10:25:28","level":"info","message":"Database connection successfully established on ecommerce_development"}
{"timestamp":"2024-12-12 10:29:50","level":"info","message":"Server listening on port: 3000"}
{"timestamp":"2024-12-12 10:29:51","level":"info","message":"Database connection successfully established on ecommerce_development"}
{"timestamp":"2024-12-12 10:30:34","level":"info","message":"Server listening on port: 3000"}
{"timestamp":"2024-12-12 10:30:34","level":"info","message":"Database connection successfully established on ecommerce_development"}
{"timestamp":"2024-12-12 10:33:19","level":"info","message":"Server listening on port: 3000"}
{"timestamp":"2024-12-12 10:33:20","level":"info","message":"Database connection successfully established on ecommerce_development"}
{"timestamp":"2024-12-12 10:34:14","level":"info","message":"Server listening on port: 3000"}
{"timestamp":"2024-12-12 10:34:15","level":"info","message":"Database connection successfully established on ecommerce_development"}
{"timestamp":"2024-12-12 10:35:28","level":"info","message":"Server listening on port: 3000"}
{"timestamp":"2024-12-12 10:35:29","level":"info","message":"Database connection successfully established on ecommerce_development"}
{"timestamp":"2024-12-12 10:37:08","level":"info","message":"Server listening on port: 3000"}
{"timestamp":"2024-12-12 10:37:09","level":"info","message":"Database connection successfully established on ecommerce_development"}
{"timestamp":"2024-12-12 10:39:12","level":"info","message":"Server listening on port: 3000"}
{"timestamp":"2024-12-12 10:39:13","level":"info","message":"Database connection successfully established on ecommerce_development"}
{"timestamp":"2024-12-12 10:40:20","level":"info","message":"Server listening on port: 3000"}
{"timestamp":"2024-12-12 10:40:21","level":"info","message":"Database connection successfully established on ecommerce_development"}
{"timestamp":"2024-12-12 10:43:22","level":"info","message":"Server listening on port: 3000"}
{"timestamp":"2024-12-12 10:43:23","level":"info","message":"Database connection successfully established on ecommerce_development"}
{"timestamp":"2024-12-12 10:44:21","level":"info","message":"Server listening on port: 3000"}
{"timestamp":"2024-12-12 10:44:22","level":"info","message":"Database connection successfully established on ecommerce_development"}
{"timestamp":"2024-12-12 10:44:34","level":"info","message":"Server listening on port: 3000"}
{"timestamp":"2024-12-12 10:44:34","level":"info","message":"Database connection successfully established on ecommerce_development"}
{"timestamp":"2024-12-12 10:45:04","level":"info","message":"Server listening on port: 3000"}
{"timestamp":"2024-12-12 10:45:05","level":"info","message":"Database connection successfully established on ecommerce_development"}
{"timestamp":"2024-12-12 10:45:23","level":"info","message":"Server listening on port: 3000"}
{"timestamp":"2024-12-12 10:45:24","level":"info","message":"Database connection successfully established on ecommerce_development"}
{"timestamp":"2024-12-12 10:45:32","level":"info","message":"Server listening on port: 3000"}
{"timestamp":"2024-12-12 10:45:33","level":"info","message":"Database connection successfully established on ecommerce_development"}
{"timestamp":"2024-12-12 10:46:10","level":"info","message":"Server listening on port: 3000"}
{"timestamp":"2024-12-12 10:46:11","level":"info","message":"Database connection successfully established on ecommerce_development"}
{"timestamp":"2024-12-12 10:49:02","level":"info","message":"Server listening on port: 3000"}
{"timestamp":"2024-12-12 10:49:03","level":"info","message":"Database connection successfully established on ecommerce_development"}
{"timestamp":"2024-12-12 10:49:08","level":"info","message":"Server listening on port: 3000"}
{"timestamp":"2024-12-12 10:49:09","level":"info","message":"Database connection successfully established on ecommerce_development"}
{"timestamp":"2024-12-12 10:51:12","level":"info","message":"Server listening on port: 3000"}
{"timestamp":"2024-12-12 10:51:13","level":"info","message":"Database connection successfully established on ecommerce_development"}
{"timestamp":"2024-12-12 10:52:28","level":"info","message":"Server listening on port: 3000"}
{"timestamp":"2024-12-12 10:52:29","level":"info","message":"Database connection successfully established on ecommerce_development"}
{"timestamp":"2024-12-12 10:53:16","level":"info","message":"Server listening on port: 3000"}
{"timestamp":"2024-12-12 10:53:17","level":"info","message":"Database connection successfully established on ecommerce_development"}
{"timestamp":"2024-12-12 10:53:26","level":"info","message":"Server listening on port: 3000"}
{"timestamp":"2024-12-12 10:53:26","level":"info","message":"Database connection successfully established on ecommerce_development"}
{"timestamp":"2024-12-12 10:54:12","level":"info","message":"Server listening on port: 3000"}
{"timestamp":"2024-12-12 10:54:13","level":"info","message":"Database connection successfully established on ecommerce_development"}
{"timestamp":"2024-12-12 10:54:37","level":"info","message":"Server listening on port: 3000"}
{"timestamp":"2024-12-12 10:54:38","level":"info","message":"Database connection successfully established on ecommerce_development"}
{"timestamp":"2024-12-12 10:55:39","level":"info","message":"Server listening on port: 3000"}
{"timestamp":"2024-12-12 10:55:40","level":"info","message":"Database connection successfully established on ecommerce_development"}
{"timestamp":"2024-12-12 10:55:59","level":"info","message":"Server listening on port: 3000"}
{"timestamp":"2024-12-12 10:56:00","level":"info","message":"Database connection successfully established on ecommerce_development"}
{"timestamp":"2024-12-12 10:57:26","level":"info","message":"Server listening on port: 3000"}
{"timestamp":"2024-12-12 10:57:26","level":"info","message":"Database connection successfully established on ecommerce_development"}
{"timestamp":"2024-12-12 10:59:22","level":"info","message":"Server listening on port: 3000"}
{"timestamp":"2024-12-12 10:59:23","level":"info","message":"Database connection successfully established on ecommerce_development"}
{"timestamp":"2024-12-12 10:59:28","level":"info","message":"Server listening on port: 3000"}
{"timestamp":"2024-12-12 10:59:29","level":"info","message":"Database connection successfully established on ecommerce_development"}
{"timestamp":"2024-12-12 11:04:48","level":"info","message":"Server listening on port: 3000"}
{"timestamp":"2024-12-12 11:04:49","level":"info","message":"Database connection successfully established on ecommerce_development"}
{"timestamp":"2024-12-12 11:05:13","level":"info","message":"Server listening on port: 3000"}
{"timestamp":"2024-12-12 11:05:14","level":"info","message":"Database connection successfully established on ecommerce_development"}
{"timestamp":"2024-12-12 11:06:04","level":"info","message":"Server listening on port: 3000"}
{"timestamp":"2024-12-12 11:06:04","level":"info","message":"Database connection successfully established on ecommerce_development"}
{"timestamp":"2024-12-12 11:08:19","level":"info","message":"Server listening on port: 3000"}
{"timestamp":"2024-12-12 11:08:20","level":"info","message":"Database connection successfully established on ecommerce_development"}
{"timestamp":"2024-12-12 11:08:27","level":"info","message":"Server listening on port: 3000"}
{"timestamp":"2024-12-12 11:08:28","level":"info","message":"Database connection successfully established on ecommerce_development"}
{"timestamp":"2024-12-12 11:08:37","level":"info","message":"Server listening on port: 3000"}
{"timestamp":"2024-12-12 11:08:38","level":"info","message":"Database connection successfully established on ecommerce_development"}
{"timestamp":"2024-12-12 11:08:59","level":"info","message":"Server listening on port: 3000"}
{"timestamp":"2024-12-12 11:09:00","level":"info","message":"Database connection successfully established on ecommerce_development"}
{"timestamp":"2024-12-12 11:20:14","level":"info","message":"Server listening on port: 3000"}
{"timestamp":"2024-12-12 11:20:15","level":"info","message":"Database connection successfully established on ecommerce_development"}
{"timestamp":"2024-12-12 11:21:43","level":"info","message":"Server listening on port: 3000"}
{"timestamp":"2024-12-12 11:21:44","level":"info","message":"Database connection successfully established on ecommerce_development"}
{"timestamp":"2024-12-12 11:22:10","level":"info","message":"Server listening on port: 3000"}
{"timestamp":"2024-12-12 11:22:11","level":"info","message":"Database connection successfully established on ecommerce_development"}
{"timestamp":"2024-12-12 11:22:34","level":"info","message":"Server listening on port: 3000"}
{"timestamp":"2024-12-12 11:22:34","level":"info","message":"Database connection successfully established on ecommerce_development"}
{"timestamp":"2024-12-12 11:24:54","level":"info","message":"Server listening on port: 3000"}
{"timestamp":"2024-12-12 11:24:55","level":"info","message":"Database connection successfully established on ecommerce_development"}
{"timestamp":"2024-12-12 11:25:14","level":"info","message":"Server listening on port: 3000"}
{"timestamp":"2024-12-12 11:25:15","level":"info","message":"Database connection successfully established on ecommerce_development"}
{"timestamp":"2024-12-12 11:28:55","level":"info","message":"Server listening on port: 3000"}
{"timestamp":"2024-12-12 11:28:56","level":"info","message":"Database connection successfully established on ecommerce_development"}
{"timestamp":"2024-12-12 11:30:10","level":"info","message":"Server listening on port: 3000"}
{"timestamp":"2024-12-12 11:30:11","level":"info","message":"Database connection successfully established on ecommerce_development"}
{"timestamp":"2024-12-12 11:37:19","level":"info","message":"Server listening on port: 3000"}
{"timestamp":"2024-12-12 11:37:20","level":"info","message":"Database connection successfully established on ecommerce_development"}
{"timestamp":"2024-12-12 11:37:31","level":"info","message":"Server listening on port: 3000"}
{"timestamp":"2024-12-12 11:37:31","level":"info","message":"Database connection successfully established on ecommerce_development"}
{"timestamp":"2024-12-12 11:38:11","level":"info","message":"Server listening on port: 3000"}
{"timestamp":"2024-12-12 11:38:12","level":"info","message":"Database connection successfully established on ecommerce_development"}
{"timestamp":"2024-12-12 11:38:31","level":"info","message":"Server listening on port: 3000"}
{"timestamp":"2024-12-12 11:38:31","level":"info","message":"Database connection successfully established on ecommerce_development"}
{"timestamp":"2024-12-12 11:43:36","level":"info","message":"Server listening on port: 3000"}
{"timestamp":"2024-12-12 11:43:37","level":"info","message":"Database connection successfully established on ecommerce_development"}
{"timestamp":"2024-12-12 11:47:42","level":"info","message":"Server listening on port: 3000"}
{"timestamp":"2024-12-12 11:47:43","level":"info","message":"Database connection successfully established on ecommerce_development"}
{"timestamp":"2024-12-12 11:49:38","level":"info","message":"Server listening on port: 3000"}
{"timestamp":"2024-12-12 11:49:39","level":"info","message":"Database connection successfully established on ecommerce_development"}
{"timestamp":"2024-12-12 11:49:47","level":"info","message":"Server listening on port: 3000"}
{"timestamp":"2024-12-12 11:49:48","level":"info","message":"Database connection successfully established on ecommerce_development"}
{"timestamp":"2024-12-12 11:57:36","level":"info","message":"Server listening on port: 3000"}
{"timestamp":"2024-12-12 11:57:37","level":"info","message":"Database connection successfully established on ecommerce_development"}
{"timestamp":"2024-12-12 11:58:41","level":"info","message":"Server listening on port: 3000"}
{"timestamp":"2024-12-12 11:58:42","level":"info","message":"Database connection successfully established on ecommerce_development"}
{"timestamp":"2024-12-12 12:01:15","level":"info","message":"Server listening on port: 3000"}
{"timestamp":"2024-12-12 12:01:16","level":"info","message":"Database connection successfully established on ecommerce_development"}
{"timestamp":"2024-12-12 12:01:26","level":"info","message":"Server listening on port: 3000"}
{"timestamp":"2024-12-12 12:01:27","level":"info","message":"Database connection successfully established on ecommerce_development"}
{"timestamp":"2024-12-12 12:02:19","level":"info","message":"Server listening on port: 3000"}
{"timestamp":"2024-12-12 12:02:20","level":"info","message":"Database connection successfully established on ecommerce_development"}
{"timestamp":"2024-12-12 12:05:09","level":"info","message":"Server listening on port: 3000"}
{"timestamp":"2024-12-12 12:05:10","level":"info","message":"Database connection successfully established on ecommerce_development"}
{"timestamp":"2024-12-12 12:08:57","level":"info","message":"Server listening on port: 3000"}
{"timestamp":"2024-12-12 12:08:58","level":"info","message":"Database connection successfully established on ecommerce_development"}
{"timestamp":"2024-12-12 12:11:11","level":"info","message":"Server listening on port: 3000"}
{"timestamp":"2024-12-12 12:11:12","level":"info","message":"Database connection successfully established on ecommerce_development"}
{"timestamp":"2024-12-12 12:14:42","level":"info","message":"Server listening on port: 3000"}
{"timestamp":"2024-12-12 12:14:43","level":"info","message":"Database connection successfully established on ecommerce_development"}
{"timestamp":"2024-12-12 12:14:49","level":"info","message":"Server listening on port: 3000"}
{"timestamp":"2024-12-12 12:14:50","level":"info","message":"Database connection successfully established on ecommerce_development"}
{"timestamp":"2024-12-12 12:14:55","level":"info","message":"Server listening on port: 3000"}
{"timestamp":"2024-12-12 12:14:56","level":"info","message":"Database connection successfully established on ecommerce_development"}
{"timestamp":"2024-12-12 12:15:11","level":"info","message":"Server listening on port: 3000"}
{"timestamp":"2024-12-12 12:15:12","level":"info","message":"Database connection successfully established on ecommerce_development"}
{"timestamp":"2024-12-12 12:16:40","level":"info","message":"Server listening on port: 3000"}
{"timestamp":"2024-12-12 12:16:41","level":"info","message":"Database connection successfully established on ecommerce_development"}
{"timestamp":"2024-12-12 12:18:49","level":"info","message":"Server listening on port: 3000"}
{"timestamp":"2024-12-12 12:18:50","level":"info","message":"Database connection successfully established on ecommerce_development"}
{"timestamp":"2024-12-12 12:18:54","level":"info","message":"Server listening on port: 3000"}
{"timestamp":"2024-12-12 12:18:55","level":"info","message":"Database connection successfully established on ecommerce_development"}
{"timestamp":"2024-12-12 12:29:45","level":"info","message":"Server listening on port: 3000"}
{"timestamp":"2024-12-12 12:29:46","level":"info","message":"Database connection successfully established on ecommerce_development"}
{"timestamp":"2024-12-12 12:30:05","level":"info","message":"Server listening on port: 3000"}
{"timestamp":"2024-12-12 12:30:05","level":"info","message":"Database connection successfully established on ecommerce_development"}
{"timestamp":"2024-12-12 12:30:41","level":"info","message":"Server listening on port: 3000"}
{"timestamp":"2024-12-12 12:30:42","level":"info","message":"Database connection successfully established on ecommerce_development"}
{"timestamp":"2024-12-12 12:34:59","level":"info","message":"Server listening on port: 3000"}
{"timestamp":"2024-12-12 12:34:59","level":"info","message":"Database connection successfully established on ecommerce_development"}
{"timestamp":"2024-12-12 12:35:20","level":"info","message":"Server listening on port: 3000"}
{"timestamp":"2024-12-12 12:35:20","level":"info","message":"Database connection successfully established on ecommerce_development"}
{"timestamp":"2024-12-12 12:36:21","level":"info","message":"Server listening on port: 3000"}
{"timestamp":"2024-12-12 12:36:22","level":"info","message":"Database connection successfully established on ecommerce_development"}
{"timestamp":"2024-12-12 12:37:04","level":"info","message":"Server listening on port: 3000"}
{"timestamp":"2024-12-12 12:37:05","level":"info","message":"Database connection successfully established on ecommerce_development"}
{"timestamp":"2024-12-12 12:40:32","level":"info","message":"Server listening on port: 3000"}
{"timestamp":"2024-12-12 12:40:33","level":"info","message":"Database connection successfully established on ecommerce_development"}
{"timestamp":"2024-12-12 12:40:49","level":"info","message":"Server listening on port: 3000"}
{"timestamp":"2024-12-12 12:40:50","level":"info","message":"Database connection successfully established on ecommerce_development"}
{"timestamp":"2024-12-12 12:41:11","level":"info","message":"Server listening on port: 3000"}
{"timestamp":"2024-12-12 12:41:11","level":"info","message":"Database connection successfully established on ecommerce_development"}
{"timestamp":"2024-12-12 12:41:44","level":"info","message":"Server listening on port: 3000"}
{"timestamp":"2024-12-12 12:41:45","level":"info","message":"Database connection successfully established on ecommerce_development"}
{"timestamp":"2024-12-12 12:42:17","level":"info","message":"Server listening on port: 3000"}
{"timestamp":"2024-12-12 12:42:17","level":"info","message":"Database connection successfully established on ecommerce_development"}
{"timestamp":"2024-12-12 12:42:52","level":"info","message":"Server listening on port: 3000"}
{"timestamp":"2024-12-12 12:42:53","level":"info","message":"Database connection successfully established on ecommerce_development"}
{"timestamp":"2024-12-12 12:44:26","level":"info","message":"Server listening on port: 3000"}
{"timestamp":"2024-12-12 12:44:27","level":"info","message":"Database connection successfully established on ecommerce_development"}
{"timestamp":"2024-12-12 14:32:04","level":"info","message":"Server listening on port: 3000"}
{"timestamp":"2024-12-12 14:32:05","level":"info","message":"Database connection successfully established on ecommerce_development"}
{"timestamp":"2024-12-12 14:33:25","level":"info","message":"Server listening on port: 3000"}
{"timestamp":"2024-12-12 14:33:26","level":"info","message":"Database connection successfully established on ecommerce_development"}
{"timestamp":"2024-12-12 14:36:03","level":"info","message":"Server listening on port: 3000"}
{"timestamp":"2024-12-12 14:36:04","level":"info","message":"Database connection successfully established on ecommerce_development"}
{"timestamp":"2024-12-12 14:38:24","level":"info","message":"Server listening on port: 3000"}
{"timestamp":"2024-12-12 14:38:25","level":"info","message":"Database connection successfully established on ecommerce_development"}
{"timestamp":"2024-12-12 14:50:03","level":"info","message":"Server listening on port: 3000"}
{"timestamp":"2024-12-12 14:50:04","level":"info","message":"Database connection successfully established on ecommerce_development"}
{"timestamp":"2024-12-12 14:52:31","level":"info","message":"Server listening on port: 3000"}
{"timestamp":"2024-12-12 14:52:32","level":"info","message":"Database connection successfully established on ecommerce_development"}
{"timestamp":"2024-12-12 14:55:14","level":"info","message":"Server listening on port: 3000"}
{"timestamp":"2024-12-12 14:55:15","level":"info","message":"Database connection successfully established on ecommerce_development"}
{"timestamp":"2024-12-12 14:57:52","level":"info","message":"Server listening on port: 3000"}
{"timestamp":"2024-12-12 14:57:53","level":"info","message":"Database connection successfully established on ecommerce_development"}
{"timestamp":"2024-12-12 15:04:51","level":"info","message":"Server listening on port: 3000"}
{"timestamp":"2024-12-12 15:04:52","level":"info","message":"Database connection successfully established on ecommerce_development"}
{"timestamp":"2024-12-12 15:05:23","level":"info","message":"Server listening on port: 3000"}
{"timestamp":"2024-12-12 15:05:24","level":"info","message":"Database connection successfully established on ecommerce_development"}
{"timestamp":"2024-12-12 15:06:04","level":"info","message":"Server listening on port: 3000"}
{"timestamp":"2024-12-12 15:06:05","level":"info","message":"Database connection successfully established on ecommerce_development"}
{"timestamp":"2024-12-12 15:07:08","level":"info","message":"Server listening on port: 3000"}
{"timestamp":"2024-12-12 15:07:09","level":"info","message":"Database connection successfully established on ecommerce_development"}
{"timestamp":"2024-12-12 15:09:15","level":"info","message":"Server listening on port: 3000"}
{"timestamp":"2024-12-12 15:09:16","level":"info","message":"Database connection successfully established on ecommerce_development"}
{"timestamp":"2024-12-12 15:09:29","level":"info","message":"Server listening on port: 3000"}
{"timestamp":"2024-12-12 15:09:30","level":"info","message":"Database connection successfully established on ecommerce_development"}
{"timestamp":"2024-12-12 15:11:39","level":"info","message":"Server listening on port: 3000"}
{"timestamp":"2024-12-12 15:11:40","level":"info","message":"Database connection successfully established on ecommerce_development"}
{"timestamp":"2024-12-12 15:12:22","level":"info","message":"Server listening on port: 3000"}
{"timestamp":"2024-12-12 15:12:22","level":"info","message":"Database connection successfully established on ecommerce_development"}
{"timestamp":"2024-12-12 15:13:02","level":"info","message":"Server listening on port: 3000"}
{"timestamp":"2024-12-12 15:13:03","level":"info","message":"Database connection successfully established on ecommerce_development"}
{"timestamp":"2024-12-12 15:14:16","level":"info","message":"Server listening on port: 3000"}
{"timestamp":"2024-12-12 15:14:17","level":"info","message":"Database connection successfully established on ecommerce_development"}
{"timestamp":"2024-12-12 15:15:55","level":"info","message":"Server listening on port: 3000"}
{"timestamp":"2024-12-12 15:15:56","level":"info","message":"Database connection successfully established on ecommerce_development"}
{"timestamp":"2024-12-12 15:16:38","level":"info","message":"Server listening on port: 3000"}
{"timestamp":"2024-12-12 15:16:40","level":"info","message":"Database connection successfully established on ecommerce_development"}
{"timestamp":"2024-12-12 15:16:46","level":"info","message":"Server listening on port: 3000"}
{"timestamp":"2024-12-12 15:16:47","level":"info","message":"Database connection successfully established on ecommerce_development"}
{"timestamp":"2024-12-12 15:16:55","level":"info","message":"Server listening on port: 3000"}
{"timestamp":"2024-12-12 15:16:56","level":"info","message":"Database connection successfully established on ecommerce_development"}
{"timestamp":"2024-12-12 15:17:27","level":"info","message":"Server listening on port: 3000"}
{"timestamp":"2024-12-12 15:17:28","level":"info","message":"Database connection successfully established on ecommerce_development"}
{"timestamp":"2024-12-12 15:19:12","level":"info","message":"Server listening on port: 3000"}
{"timestamp":"2024-12-12 15:19:13","level":"info","message":"Database connection successfully established on ecommerce_development"}
{"timestamp":"2024-12-12 15:20:41","level":"info","message":"Server listening on port: 3000"}
{"timestamp":"2024-12-12 15:20:42","level":"info","message":"Database connection successfully established on ecommerce_development"}
{"timestamp":"2024-12-12 15:21:10","level":"info","message":"Server listening on port: 3000"}
{"timestamp":"2024-12-12 15:21:11","level":"info","message":"Database connection successfully established on ecommerce_development"}
{"timestamp":"2024-12-12 15:21:17","level":"info","message":"Server listening on port: 3000"}
{"timestamp":"2024-12-12 15:21:18","level":"info","message":"Database connection successfully established on ecommerce_development"}
{"timestamp":"2024-12-12 15:22:24","level":"info","message":"Server listening on port: 3000"}
{"timestamp":"2024-12-12 15:22:25","level":"info","message":"Database connection successfully established on ecommerce_development"}
{"timestamp":"2024-12-12 15:24:35","level":"info","message":"Server listening on port: 3000"}
{"timestamp":"2024-12-12 15:24:36","level":"info","message":"Database connection successfully established on ecommerce_development"}
{"timestamp":"2024-12-12 15:25:57","level":"info","message":"Server listening on port: 3000"}
{"timestamp":"2024-12-12 15:25:58","level":"info","message":"Database connection successfully established on ecommerce_development"}
{"timestamp":"2024-12-12 15:26:18","level":"info","message":"Server listening on port: 3000"}
{"timestamp":"2024-12-12 15:26:18","level":"info","message":"Database connection successfully established on ecommerce_development"}
{"timestamp":"2024-12-12 15:27:21","level":"info","message":"Server listening on port: 3000"}
{"timestamp":"2024-12-12 15:27:22","level":"info","message":"Database connection successfully established on ecommerce_development"}
{"timestamp":"2024-12-12 15:27:43","level":"info","message":"Server listening on port: 3000"}
{"timestamp":"2024-12-12 15:27:43","level":"info","message":"Database connection successfully established on ecommerce_development"}
{"timestamp":"2024-12-12 15:33:51","level":"info","message":"Server listening on port: 3000"}
{"timestamp":"2024-12-12 15:33:51","level":"info","message":"Database connection successfully established on ecommerce_development"}
{"timestamp":"2024-12-12 15:55:36","level":"info","message":"Server listening on port: 3000"}
{"timestamp":"2024-12-12 15:55:37","level":"info","message":"Database connection successfully established on ecommerce_development"}
{"timestamp":"2024-12-12 16:11:44","level":"info","message":"Server listening on port: 3000"}
{"timestamp":"2024-12-12 16:11:45","level":"info","message":"Database connection successfully established on ecommerce_development"}
{"timestamp":"2024-12-12 16:20:48","level":"info","message":"Server listening on port: 3000"}
{"timestamp":"2024-12-12 16:20:49","level":"info","message":"Database connection successfully established on ecommerce_development"}
{"timestamp":"2024-12-12 16:22:22","level":"info","message":"Server listening on port: 3000"}
{"timestamp":"2024-12-12 16:22:23","level":"info","message":"Database connection successfully established on ecommerce_development"}
{"timestamp":"2024-12-12 16:26:00","level":"info","message":"Server listening on port: 3000"}
{"timestamp":"2024-12-12 16:26:01","level":"info","message":"Database connection successfully established on ecommerce_development"}
{"timestamp":"2024-12-12 16:29:30","level":"info","message":"Server listening on port: 3000"}
{"timestamp":"2024-12-12 16:29:31","level":"info","message":"Database connection successfully established on ecommerce_development"}
{"timestamp":"2024-12-12 16:30:59","level":"info","message":"Server listening on port: 3000"}
{"timestamp":"2024-12-12 16:30:59","level":"info","message":"Database connection successfully established on ecommerce_development"}
{"timestamp":"2024-12-12 16:31:46","level":"info","message":"Server listening on port: 3000"}
{"timestamp":"2024-12-12 16:31:47","level":"info","message":"Database connection successfully established on ecommerce_development"}
{"timestamp":"2024-12-12 16:32:16","level":"info","message":"Server listening on port: 3000"}
{"timestamp":"2024-12-12 16:32:17","level":"info","message":"Database connection successfully established on ecommerce_development"}
{"timestamp":"2024-12-12 16:36:26","level":"info","message":"Server listening on port: 3000"}
{"timestamp":"2024-12-12 16:36:27","level":"info","message":"Database connection successfully established on ecommerce_development"}
{"timestamp":"2024-12-12 16:40:58","level":"info","message":"Server listening on port: 3000"}
{"timestamp":"2024-12-12 16:40:59","level":"info","message":"Database connection successfully established on ecommerce_development"}
{"timestamp":"2024-12-12 16:42:34","level":"info","message":"Server listening on port: 3000"}
{"timestamp":"2024-12-12 16:42:35","level":"info","message":"Database connection successfully established on ecommerce_development"}
{"timestamp":"2024-12-12 16:44:00","level":"info","message":"Server listening on port: 3000"}
{"timestamp":"2024-12-12 16:44:01","level":"info","message":"Database connection successfully established on ecommerce_development"}
{"timestamp":"2024-12-12 16:47:37","level":"error","message":"Error - Error finding user by ID: User not found - Method: GET - URL: /api/sessions/current - IP: ::1 - Body: {} - Stack: Error: Error finding user by ID: User not found
    at UsersDAO.getUserById (file:///C:/xampp/htdocs/CoderHouse/Backend%203/Preentrega_Lozano_Gustavo/src/daos/UsersDAO.js:30:19)
    at process.processTicksAndRejections (node:internal/process/task_queues:95:5)
    at async JwtStrategy._verify (file:///C:/xampp/htdocs/CoderHouse/Backend%203/Preentrega_Lozano_Gustavo/src/config/passport.config.js:29:34)"}
